0 info it worked if it ends with ok
1 verbose cli [ 'E:\\node\\node.exe',
1 verbose cli   'E:\\node\\node_modules\\npm\\bin\\npm-cli.js',
1 verbose cli   'run',
1 verbose cli   'dev',
1 verbose cli   '--scripts-prepend-node-path=auto' ]
2 info using npm@3.10.10
3 info using node@v6.11.2
4 verbose run-script [ 'predev', 'dev', 'postdev' ]
5 info lifecycle webpack-demo@1.0.0~predev: webpack-demo@1.0.0
6 silly lifecycle webpack-demo@1.0.0~predev: no script for predev, continuing
7 info lifecycle webpack-demo@1.0.0~dev: webpack-demo@1.0.0
8 verbose lifecycle webpack-demo@1.0.0~dev: unsafe-perm in lifecycle true
9 verbose lifecycle webpack-demo@1.0.0~dev: PATH: E:\node\node_modules\npm\bin\node-gyp-bin;E:\MyProject\loulanweb\node_modules\.bin;E:\MyTools\sdk\tools;E:\MyTools\sdk\platform-tools;E:\node\;C:\Windows\System32;E:\MyTools\nginx-1.13.1;E:\MyTools\jdk\bin;E:\MyTools\jdk\jre\bin;C:\Users\UI\AppData\Local\Microsoft\WindowsApps;E:\Microsoft VS Code\bin;C:\Users\UI\AppData\Roaming\npm;C:\Windows\System32
10 verbose lifecycle webpack-demo@1.0.0~dev: CWD: E:\MyProject\loulanweb
11 silly lifecycle webpack-demo@1.0.0~dev: Args: [ '/d /s /c',
11 silly lifecycle   'cross-env NODE_ENV=development webpack-dev-server --config webpack.dev.conf.js --inline  --colors' ]
12 silly lifecycle webpack-demo@1.0.0~dev: Returned: code: 1  signal: null
13 info lifecycle webpack-demo@1.0.0~dev: Failed to exec dev script
14 verbose stack Error: webpack-demo@1.0.0 dev: `cross-env NODE_ENV=development webpack-dev-server --config webpack.dev.conf.js --inline  --colors`
14 verbose stack Exit status 1
14 verbose stack     at EventEmitter.<anonymous> (E:\node\node_modules\npm\lib\utils\lifecycle.js:255:16)
14 verbose stack     at emitTwo (events.js:106:13)
14 verbose stack     at EventEmitter.emit (events.js:191:7)
14 verbose stack     at ChildProcess.<anonymous> (E:\node\node_modules\npm\lib\utils\spawn.js:40:14)
14 verbose stack     at emitTwo (events.js:106:13)
14 verbose stack     at ChildProcess.emit (events.js:191:7)
14 verbose stack     at maybeClose (internal/child_process.js:891:16)
14 verbose stack     at Process.ChildProcess._handle.onexit (internal/child_process.js:226:5)
15 verbose pkgid webpack-demo@1.0.0
16 verbose cwd E:\MyProject\loulanweb
17 error Windows_NT 10.0.14393
18 error argv "E:\\node\\node.exe" "E:\\node\\node_modules\\npm\\bin\\npm-cli.js" "run" "dev" "--scripts-prepend-node-path=auto"
19 error node v6.11.2
20 error npm  v3.10.10
21 error code ELIFECYCLE
22 error webpack-demo@1.0.0 dev: `cross-env NODE_ENV=development webpack-dev-server --config webpack.dev.conf.js --inline  --colors`
22 error Exit status 1
23 error Failed at the webpack-demo@1.0.0 dev script 'cross-env NODE_ENV=development webpack-dev-server --config webpack.dev.conf.js --inline  --colors'.
23 error Make sure you have the latest version of node.js and npm installed.
23 error If you do, this is most likely a problem with the webpack-demo package,
23 error not with npm itself.
23 error Tell the author that this fails on your system:
23 error     cross-env NODE_ENV=development webpack-dev-server --config webpack.dev.conf.js --inline  --colors
23 error You can get information on how to open an issue for this project with:
23 error     npm bugs webpack-demo
23 error Or if that isn't available, you can get their info via:
23 error     npm owner ls webpack-demo
23 error There is likely additional logging output above.
24 verbose exit [ 1, true ]
